#
# There is insufficient memory for the Java Runtime Environment to continue.
# Native memory allocation (malloc) failed to allocate 414496 bytes for Chunk::new
# Possible reasons:
#   The system is out of physical RAM or swap space
#   The process is running with CompressedOops enabled, and the Java Heap may be blocking the growth of the native heap
# Possible solutions:
#   Reduce memory load on the system
#   Increase physical memory or swap space
#   Check if swap backing store is full
#   Decrease Java heap size (-Xmx/-Xms)
#   Decrease number of Java threads
#   Decrease Java thread stack sizes (-Xss)
#   Set larger code cache with -XX:ReservedCodeCacheSize=
#   JVM is running with Unscaled Compressed Oops mode in which the Java heap is
#     placed in the first 4GB address space. The Java Heap base address is the
#     maximum limit for the native heap growth. Please use -XX:HeapBaseMinAddress
#     to set the Java Heap base and to place the Java Heap above 4GB virtual address.
# This output file may be truncated or incomplete.
#
#  Out of Memory Error (arena.cpp:184), pid=996, tid=12496
#
# JRE version: OpenJDK Runtime Environment (19.0+36) (build 19+36-2238)
# Java VM: OpenJDK 64-Bit Server VM (19+36-2238, mixed mode, sharing, tiered, compressed oops, compressed class ptrs, g1 gc, windows-amd64)
# No core dump will be written. Minidumps are not enabled by default on client versions of Windows
#

---------------  S U M M A R Y ------------

Command Line: -Dmaven.multiModuleProjectDirectory=C:\Users\User\Downloads\OOAD\LuvaTech -Dmaven.home=C:\Program Files\JetBrains\IntelliJ IDEA Community Edition 2022.2.3\plugins\maven\lib\maven3 -Dclassworlds.conf=C:\Program Files\JetBrains\IntelliJ IDEA Community Edition 2022.2.3\plugins\maven\lib\maven3\bin\m2.conf -Dmaven.ext.class.path=C:\Program Files\JetBrains\IntelliJ IDEA Community Edition 2022.2.3\plugins\maven\lib\maven-event-listener.jar -javaagent:C:\Program Files\JetBrains\IntelliJ IDEA Community Edition 2022.2.3\lib\idea_rt.jar=59299:C:\Program Files\JetBrains\IntelliJ IDEA Community Edition 2022.2.3\bin -Dfile.encoding=UTF-8 -Dsun.stdout.encoding=UTF-8 -Dsun.stderr.encoding=UTF-8 org.codehaus.classworlds.Launcher -Didea.version=2022.2.3 javafx:run

Host: Intel(R) Core(TM) m3-7Y30 CPU @ 1.00GHz, 4 cores, 3G,  Windows 10 , 64 bit Build 19041 (10.0.19041.2251)
Time: Sun Dec 11 09:05:19 2022 SE Asia Standard Time elapsed time: 120.842449 seconds (0d 0h 2m 0s)

---------------  T H R E A D  ---------------

Current thread (0x000001b8e38c36d0):  JavaThread "C2 CompilerThread0" daemon [_thread_in_native, id=12496, stack(0x000000afb4b00000,0x000000afb4c00000)]


Current CompileTask:
C2: 120843 7724       4       sun.nio.fs.WindowsPathParser::normalize (233 bytes)

Stack: [0x000000afb4b00000,0x000000afb4c00000]
Native frames: (J=compiled Java code, j=interpreted, Vv=VM code, C=native code)
V  [jvm.dll+0x6ee8fa]
V  [jvm.dll+0x857a1e]
V  [jvm.dll+0x85940e]
V  [jvm.dll+0x859ac3]
V  [jvm.dll+0x28291f]
V  [jvm.dll+0xc9b5f]
V  [jvm.dll+0xc9ee5]
V  [jvm.dll+0x3bcbac]
V  [jvm.dll+0x386201]
V  [jvm.dll+0x38567a]
V  [jvm.dll+0x24c2c9]
V  [jvm.dll+0x24b671]
V  [jvm.dll+0x1d6d61]
V  [jvm.dll+0x25b0fa]
V  [jvm.dll+0x259588]
V  [jvm.dll+0x807928]
V  [jvm.dll+0x8015fa]
V  [jvm.dll+0x6ed5eb]
C  [ucrtbase.dll+0x21bb2]
C  [KERNEL32.DLL+0x174b4]
C  [ntdll.dll+0x526a1]


---------------  P R O C E S S  ---------------

Threads class SMR info:
_java_thread_list=0x000001b8e9282920, length=16, elements={
0x000001b8c7f8fd00, 0x000001b8e38b8090, 0x000001b8e38bd030, 0x000001b8e38bfed0,
0x000001b8e38c1810, 0x000001b8e38c2140, 0x000001b8e38c2a70, 0x000001b8e38c36d0,
0x000001b8e38c77e0, 0x000001b8e39388d0, 0x000001b8e398e080, 0x000001b8e7cf9870,
0x000001b8e7cf9db0, 0x000001b8e8f0d340, 0x000001b8e86306b0, 0x000001b8e862dc30
}

Java Threads: ( => current thread )
  0x000001b8c7f8fd00 JavaThread "main" [_thread_in_native, id=5252, stack(0x000000afb3e00000,0x000000afb3f00000)]
  0x000001b8e38b8090 JavaThread "Reference Handler" daemon [_thread_blocked, id=4024, stack(0x000000afb4500000,0x000000afb4600000)]
  0x000001b8e38bd030 JavaThread "Finalizer" daemon [_thread_blocked, id=1552, stack(0x000000afb4600000,0x000000afb4700000)]
  0x000001b8e38bfed0 JavaThread "Signal Dispatcher" daemon [_thread_blocked, id=2564, stack(0x000000afb4700000,0x000000afb4800000)]
  0x000001b8e38c1810 JavaThread "Attach Listener" daemon [_thread_blocked, id=14104, stack(0x000000afb4800000,0x000000afb4900000)]
  0x000001b8e38c2140 JavaThread "Service Thread" daemon [_thread_blocked, id=10424, stack(0x000000afb4900000,0x000000afb4a00000)]
  0x000001b8e38c2a70 JavaThread "Monitor Deflation Thread" daemon [_thread_blocked, id=3968, stack(0x000000afb4a00000,0x000000afb4b00000)]
=>0x000001b8e38c36d0 JavaThread "C2 CompilerThread0" daemon [_thread_in_native, id=12496, stack(0x000000afb4b00000,0x000000afb4c00000)]
  0x000001b8e38c77e0 JavaThread "C1 CompilerThread0" daemon [_thread_blocked, id=10508, stack(0x000000afb4c00000,0x000000afb4d00000)]
  0x000001b8e39388d0 JavaThread "Sweeper thread" daemon [_thread_blocked, id=9132, stack(0x000000afb4d00000,0x000000afb4e00000)]
  0x000001b8e398e080 JavaThread "Common-Cleaner" daemon [_thread_blocked, id=4228, stack(0x000000afb4e00000,0x000000afb4f00000)]
  0x000001b8e7cf9870 JavaThread "Monitor Ctrl-Break" daemon [_thread_in_native, id=3788, stack(0x000000afb4f00000,0x000000afb5000000)]
  0x000001b8e7cf9db0 JavaThread "Notification Thread" daemon [_thread_blocked, id=13088, stack(0x000000afb5000000,0x000000afb5100000)]
  0x000001b8e8f0d340 JavaThread "Exec Stream Pumper" daemon [_thread_in_native, id=13804, stack(0x000000afb3c00000,0x000000afb3d00000)]
  0x000001b8e86306b0 JavaThread "Exec Stream Pumper" daemon [_thread_in_native, id=12536, stack(0x000000afb3d00000,0x000000afb3e00000)]
  0x000001b8e862dc30 JavaThread "Exec Input Stream Pumper" daemon [_thread_blocked, id=9696, stack(0x000000afb5600000,0x000000afb5700000)]

Other Threads:
  0x000001b8c804f3f0 VMThread "VM Thread" [stack: 0x000000afb4400000,0x000000afb4500000] [id=10172]
  0x000001b8e7cf4970 WatcherThread "VM Periodic Task Thread" [stack: 0x000000afb5100000,0x000000afb5200000] [id=2280]
  0x000001b8c7fce0a0 WorkerThread "GC Thread#0" [stack: 0x000000afb3f00000,0x000000afb4000000] [id=11200]
  0x000001b8e81c0eb0 WorkerThread "GC Thread#1" [stack: 0x000000afb5200000,0x000000afb5300000] [id=4980]
  0x000001b8e81ce1f0 WorkerThread "GC Thread#2" [stack: 0x000000afb5300000,0x000000afb5400000] [id=8620]
  0x000001b8e81ce4c0 WorkerThread "GC Thread#3" [stack: 0x000000afb5400000,0x000000afb5500000] [id=13612]
  0x000001b8c7fd7d90 ConcurrentGCThread "G1 Main Marker" [stack: 0x000000afb4000000,0x000000afb4100000] [id=13124]
  0x000001b8c7fd8960 WorkerThread "G1 Conc#0" [stack: 0x000000afb4100000,0x000000afb4200000] [id=7148]
  0x000001b8c802bfb0 ConcurrentGCThread "G1 Refine#0" [stack: 0x000000afb4200000,0x000000afb4300000] [id=11728]
  0x000001b8c802cc90 ConcurrentGCThread "G1 Service" [stack: 0x000000afb4300000,0x000000afb4400000] [id=9364]

Threads with active compile tasks:
C2 CompilerThread0   121025 7724       4       sun.nio.fs.WindowsPathParser::normalize (233 bytes)

VM state: not at safepoint (normal execution)

VM Mutex/Monitor currently owned by a thread: None

Heap address: 0x00000000c1400000, size: 1004 MB, Compressed Oops mode: 32-bit

CDS archive(s) mapped at: [0x0000000800000000-0x0000000800c40000-0x0000000800c40000), size 12845056, SharedBaseAddress: 0x0000000800000000, ArchiveRelocationMode: 0.
Compressed class space mapped at: 0x0000000801000000-0x0000000841000000, reserved size: 1073741824
Narrow klass base: 0x0000000800000000, Narrow klass shift: 0, Narrow klass range: 0x100000000

GC Precious Log:
 CardTable entry size: 512
 Card Set container configuration: InlinePtr #cards 5 size 8 Array Of Cards #cards 12 size 40 Howl #buckets 4 coarsen threshold 1843 Howl Bitmap #cards 512 size 80 coarsen threshold 460 Card regions per heap region 1 cards per card region 2048
 CPUs: 4 total, 4 available
 Memory: 4013M
 Large Page Support: Disabled
 NUMA Support: Disabled
 Compressed Oops: Enabled (32-bit)
 Heap Region Size: 1M
 Heap Min Capacity: 8M
 Heap Initial Capacity: 64M
 Heap Max Capacity: 1004M
 Pre-touch: Disabled
 Parallel Workers: 4
 Concurrent Workers: 1
 Concurrent Refinement Workers: 4
 Periodic GC: Disabled

Heap:
 garbage-first heap   total 109568K, used 55567K [0x00000000c1400000, 0x0000000100000000)
  region size 1024K, 30 young (30720K), 4 survivors (4096K)
 Metaspace       used 28800K, committed 29312K, reserved 1114112K
  class space    used 3088K, committed 3328K, reserved 1048576K

Heap Regions: E=young(eden), S=young(survivor), O=old, HS=humongous(starts), HC=humongous(continues), CS=collection set, F=free, OA=open archive, CA=closed archive, TAMS=top-at-mark-start (previous, next)
|   0|0x00000000c1400000, 0x00000000c1500000, 0x00000000c1500000|100%| O|  |TAMS 0x00000000c1500000, 0x00000000c1500000| Untracked 
|   1|0x00000000c1500000, 0x00000000c1600000, 0x00000000c1600000|100%| O|  |TAMS 0x00000000c1600000, 0x00000000c1600000| Untracked 
|   2|0x00000000c1600000, 0x00000000c1700000, 0x00000000c1700000|100%| O|  |TAMS 0x00000000c1700000, 0x00000000c1700000| Untracked 
|   3|0x00000000c1700000, 0x00000000c1800000, 0x00000000c1800000|100%| O|  |TAMS 0x00000000c1800000, 0x00000000c1800000| Untracked 
|   4|0x00000000c1800000, 0x00000000c1900000, 0x00000000c1900000|100%| O|  |TAMS 0x00000000c1900000, 0x00000000c1900000| Untracked 
|   5|0x00000000c1900000, 0x00000000c1a00000, 0x00000000c1a00000|100%| O|  |TAMS 0x00000000c1a00000, 0x00000000c1a00000| Untracked 
|   6|0x00000000c1a00000, 0x00000000c1b00000, 0x00000000c1b00000|100%| O|  |TAMS 0x00000000c1b00000, 0x00000000c1b00000| Untracked 
|   7|0x00000000c1b00000, 0x00000000c1c00000, 0x00000000c1c00000|100%| O|  |TAMS 0x00000000c1c00000, 0x00000000c1c00000| Untracked 
|   8|0x00000000c1c00000, 0x00000000c1d00000, 0x00000000c1d00000|100%| O|  |TAMS 0x00000000c1d00000, 0x00000000c1d00000| Untracked 
|   9|0x00000000c1d00000, 0x00000000c1e00000, 0x00000000c1e00000|100%| O|  |TAMS 0x00000000c1e00000, 0x00000000c1e00000| Untracked 
|  10|0x00000000c1e00000, 0x00000000c1f00000, 0x00000000c1f00000|100%| O|  |TAMS 0x00000000c1f00000, 0x00000000c1f00000| Untracked 
|  11|0x00000000c1f00000, 0x00000000c2000000, 0x00000000c2000000|100%| O|  |TAMS 0x00000000c2000000, 0x00000000c2000000| Untracked 
|  12|0x00000000c2000000, 0x00000000c2100000, 0x00000000c2100000|100%| O|  |TAMS 0x00000000c2100000, 0x00000000c2100000| Untracked 
|  13|0x00000000c2100000, 0x00000000c2200000, 0x00000000c2200000|100%| O|  |TAMS 0x00000000c2200000, 0x00000000c2200000| Untracked 
|  14|0x00000000c2200000, 0x00000000c2200000, 0x00000000c2300000|  0%| F|  |TAMS 0x00000000c2200000, 0x00000000c2200000| Untracked 
|  15|0x00000000c2300000, 0x00000000c2400000, 0x00000000c2400000|100%| O|  |TAMS 0x00000000c2400000, 0x00000000c2400000| Untracked 
|  16|0x00000000c2400000, 0x00000000c2500000, 0x00000000c2500000|100%| O|  |TAMS 0x00000000c2445000, 0x00000000c2500000| Untracked 
|  17|0x00000000c2500000, 0x00000000c2600000, 0x00000000c2600000|100%| O|  |TAMS 0x00000000c2500000, 0x00000000c2600000| Untracked 
|  18|0x00000000c2600000, 0x00000000c2700000, 0x00000000c2700000|100%| O|  |TAMS 0x00000000c2700000, 0x00000000c2700000| Untracked 
|  19|0x00000000c2700000, 0x00000000c2800000, 0x00000000c2800000|100%| O|  |TAMS 0x00000000c2800000, 0x00000000c2800000| Untracked 
|  20|0x00000000c2800000, 0x00000000c2900000, 0x00000000c2900000|100%| O|  |TAMS 0x00000000c2900000, 0x00000000c2900000| Untracked 
|  21|0x00000000c2900000, 0x00000000c2a00000, 0x00000000c2a00000|100%| O|  |TAMS 0x00000000c2a00000, 0x00000000c2a00000| Untracked 
|  22|0x00000000c2a00000, 0x00000000c2a00000, 0x00000000c2b00000|  0%| F|  |TAMS 0x00000000c2a00000, 0x00000000c2a00000| Untracked 
|  23|0x00000000c2b00000, 0x00000000c2c00000, 0x00000000c2c00000|100%| O|  |TAMS 0x00000000c2b00000, 0x00000000c2c00000| Untracked 
|  24|0x00000000c2c00000, 0x00000000c2d00000, 0x00000000c2d00000|100%| O|  |TAMS 0x00000000c2c00000, 0x00000000c2d00000| Untracked 
|  25|0x00000000c2d00000, 0x00000000c2e00000, 0x00000000c2e00000|100%| O|  |TAMS 0x00000000c2d00000, 0x00000000c2e00000| Untracked 
|  26|0x00000000c2e00000, 0x00000000c2e19e00, 0x00000000c2f00000| 10%| O|  |TAMS 0x00000000c2e00000, 0x00000000c2e19e00| Untracked 
|  27|0x00000000c2f00000, 0x00000000c3000000, 0x00000000c3000000|100%|HS|  |TAMS 0x00000000c2f00000, 0x00000000c2f00000| Complete 
|  28|0x00000000c3000000, 0x00000000c3100000, 0x00000000c3100000|100%|HC|  |TAMS 0x00000000c3000000, 0x00000000c3000000| Complete 
|  29|0x00000000c3100000, 0x00000000c3100000, 0x00000000c3200000|  0%| F|  |TAMS 0x00000000c3100000, 0x00000000c3100000| Untracked 
|  30|0x00000000c3200000, 0x00000000c3200000, 0x00000000c3300000|  0%| F|  |TAMS 0x00000000c3200000, 0x00000000c3200000| Untracked 
|  31|0x00000000c3300000, 0x00000000c3300000, 0x00000000c3400000|  0%| F|  |TAMS 0x00000000c3300000, 0x00000000c3300000| Untracked 
|  32|0x00000000c3400000, 0x00000000c3400000, 0x00000000c3500000|  0%| F|  |TAMS 0x00000000c3400000, 0x00000000c3400000| Untracked 
|  33|0x00000000c3500000, 0x00000000c3500000, 0x00000000c3600000|  0%| F|  |TAMS 0x00000000c3500000, 0x00000000c3500000| Untracked 
|  34|0x00000000c3600000, 0x00000000c3600000, 0x00000000c3700000|  0%| F|  |TAMS 0x00000000c3600000, 0x00000000c3600000| Untracked 
|  35|0x00000000c3700000, 0x00000000c3700000, 0x00000000c3800000|  0%| F|  |TAMS 0x00000000c3700000, 0x00000000c3700000| Untracked 
|  36|0x00000000c3800000, 0x00000000c3800000, 0x00000000c3900000|  0%| F|  |TAMS 0x00000000c3800000, 0x00000000c3800000| Untracked 
|  37|0x00000000c3900000, 0x00000000c3900000, 0x00000000c3a00000|  0%| F|  |TAMS 0x00000000c3900000, 0x00000000c3900000| Untracked 
|  38|0x00000000c3a00000, 0x00000000c3a00000, 0x00000000c3b00000|  0%| F|  |TAMS 0x00000000c3a00000, 0x00000000c3a00000| Untracked 
|  39|0x00000000c3b00000, 0x00000000c3b00000, 0x00000000c3c00000|  0%| F|  |TAMS 0x00000000c3b00000, 0x00000000c3b00000| Untracked 
|  40|0x00000000c3c00000, 0x00000000c3c00000, 0x00000000c3d00000|  0%| F|  |TAMS 0x00000000c3c00000, 0x00000000c3c00000| Untracked 
|  41|0x00000000c3d00000, 0x00000000c3d00000, 0x00000000c3e00000|  0%| F|  |TAMS 0x00000000c3d00000, 0x00000000c3d00000| Untracked 
|  42|0x00000000c3e00000, 0x00000000c3e00000, 0x00000000c3f00000|  0%| F|  |TAMS 0x00000000c3e00000, 0x00000000c3e00000| Untracked 
|  43|0x00000000c3f00000, 0x00000000c3f00000, 0x00000000c4000000|  0%| F|  |TAMS 0x00000000c3f00000, 0x00000000c3f00000| Untracked 
|  44|0x00000000c4000000, 0x00000000c4000000, 0x00000000c4100000|  0%| F|  |TAMS 0x00000000c4000000, 0x00000000c4000000| Untracked 
|  45|0x00000000c4100000, 0x00000000c4100000, 0x00000000c4200000|  0%| F|  |TAMS 0x00000000c4100000, 0x00000000c4100000| Untracked 
|  46|0x00000000c4200000, 0x00000000c4200000, 0x00000000c4300000|  0%| F|  |TAMS 0x00000000c4200000, 0x00000000c4200000| Untracked 
|  47|0x00000000c4300000, 0x00000000c4300000, 0x00000000c4400000|  0%| F|  |TAMS 0x00000000c4300000, 0x00000000c4300000| Untracked 
|  48|0x00000000c4400000, 0x00000000c4400000, 0x00000000c4500000|  0%| F|  |TAMS 0x00000000c4400000, 0x00000000c4400000| Untracked 
|  49|0x00000000c4500000, 0x00000000c4500000, 0x00000000c4600000|  0%| F|  |TAMS 0x00000000c4500000, 0x00000000c4500000| Untracked 
|  50|0x00000000c4600000, 0x00000000c4600000, 0x00000000c4700000|  0%| F|  |TAMS 0x00000000c4600000, 0x00000000c4600000| Untracked 
|  51|0x00000000c4700000, 0x00000000c4700000, 0x00000000c4800000|  0%| F|  |TAMS 0x00000000c4700000, 0x00000000c4700000| Untracked 
|  52|0x00000000c4800000, 0x00000000c4800000, 0x00000000c4900000|  0%| F|  |TAMS 0x00000000c4800000, 0x00000000c4800000| Untracked 
|  53|0x00000000c4900000, 0x00000000c4900000, 0x00000000c4a00000|  0%| F|  |TAMS 0x00000000c4900000, 0x00000000c4900000| Untracked 
|  54|0x00000000c4a00000, 0x00000000c4a00000, 0x00000000c4b00000|  0%| F|  |TAMS 0x00000000c4a00000, 0x00000000c4a00000| Untracked 
|  55|0x00000000c4b00000, 0x00000000c4b29e50, 0x00000000c4c00000| 16%| S|CS|TAMS 0x00000000c4b00000, 0x00000000c4b00000| Complete 
|  56|0x00000000c4c00000, 0x00000000c4c00000, 0x00000000c4d00000|  0%| F|  |TAMS 0x00000000c4c00000, 0x00000000c4c00000| Untracked 
|  57|0x00000000c4d00000, 0x00000000c4e00000, 0x00000000c4e00000|100%| S|CS|TAMS 0x00000000c4d00000, 0x00000000c4d00000| Complete 
|  58|0x00000000c4e00000, 0x00000000c4f00000, 0x00000000c4f00000|100%| S|CS|TAMS 0x00000000c4e00000, 0x00000000c4e00000| Complete 
|  59|0x00000000c4f00000, 0x00000000c5000000, 0x00000000c5000000|100%| S|CS|TAMS 0x00000000c4f00000, 0x00000000c4f00000| Complete 
|  60|0x00000000c5000000, 0x00000000c5000000, 0x00000000c5100000|  0%| F|  |TAMS 0x00000000c5000000, 0x00000000c5000000| Untracked 
|  61|0x00000000c5100000, 0x00000000c5100000, 0x00000000c5200000|  0%| F|  |TAMS 0x00000000c5100000, 0x00000000c5100000| Untracked 
|  62|0x00000000c5200000, 0x00000000c5200000, 0x00000000c5300000|  0%| F|  |TAMS 0x00000000c5200000, 0x00000000c5200000| Untracked 
|  63|0x00000000c5300000, 0x00000000c5300000, 0x00000000c5400000|  0%| F|  |TAMS 0x00000000c5300000, 0x00000000c5300000| Untracked 
|  64|0x00000000c5400000, 0x00000000c5400000, 0x00000000c5500000|  0%| F|  |TAMS 0x00000000c5400000, 0x00000000c5400000| Untracked 
|  65|0x00000000c5500000, 0x00000000c5500000, 0x00000000c5600000|  0%| F|  |TAMS 0x00000000c5500000, 0x00000000c5500000| Untracked 
|  66|0x00000000c5600000, 0x00000000c5600000, 0x00000000c5700000|  0%| F|  |TAMS 0x00000000c5600000, 0x00000000c5600000| Untracked 
|  67|0x00000000c5700000, 0x00000000c5700000, 0x00000000c5800000|  0%| F|  |TAMS 0x00000000c5700000, 0x00000000c5700000| Untracked 
|  68|0x00000000c5800000, 0x00000000c5800000, 0x00000000c5900000|  0%| F|  |TAMS 0x00000000c5800000, 0x00000000c5800000| Untracked 
|  69|0x00000000c5900000, 0x00000000c5900000, 0x00000000c5a00000|  0%| F|  |TAMS 0x00000000c5900000, 0x00000000c5900000| Untracked 
|  70|0x00000000c5a00000, 0x00000000c5a00000, 0x00000000c5b00000|  0%| F|  |TAMS 0x00000000c5a00000, 0x00000000c5a00000| Untracked 
|  71|0x00000000c5b00000, 0x00000000c5b00000, 0x00000000c5c00000|  0%| F|  |TAMS 0x00000000c5b00000, 0x00000000c5b00000| Untracked 
|  72|0x00000000c5c00000, 0x00000000c5c00000, 0x00000000c5d00000|  0%| F|  |TAMS 0x00000000c5c00000, 0x00000000c5c00000| Untracked 
|  73|0x00000000c5d00000, 0x00000000c5d00000, 0x00000000c5e00000|  0%| F|  |TAMS 0x00000000c5d00000, 0x00000000c5d00000| Untracked 
|  74|0x00000000c5e00000, 0x00000000c5e00000, 0x00000000c5f00000|  0%| F|  |TAMS 0x00000000c5e00000, 0x00000000c5e00000| Untracked 
|  75|0x00000000c5f00000, 0x00000000c5f00000, 0x00000000c6000000|  0%| F|  |TAMS 0x00000000c5f00000, 0x00000000c5f00000| Untracked 
|  76|0x00000000c6000000, 0x00000000c6000000, 0x00000000c6100000|  0%| F|  |TAMS 0x00000000c6000000, 0x00000000c6000000| Untracked 
|  77|0x00000000c6100000, 0x00000000c6100000, 0x00000000c6200000|  0%| F|  |TAMS 0x00000000c6100000, 0x00000000c6100000| Untracked 
|  78|0x00000000c6200000, 0x00000000c6200000, 0x00000000c6300000|  0%| F|  |TAMS 0x00000000c6200000, 0x00000000c6200000| Untracked 
|  79|0x00000000c6300000, 0x00000000c6300000, 0x00000000c6400000|  0%| F|  |TAMS 0x00000000c6300000, 0x00000000c6300000| Untracked 
|  80|0x00000000c6400000, 0x00000000c6400000, 0x00000000c6500000|  0%| F|  |TAMS 0x00000000c6400000, 0x00000000c6400000| Untracked 
|  81|0x00000000c6500000, 0x00000000c65f16b8, 0x00000000c6600000| 94%| E|  |TAMS 0x00000000c6500000, 0x00000000c6500000| Complete 
|  82|0x00000000c6600000, 0x00000000c6700000, 0x00000000c6700000|100%| E|CS|TAMS 0x00000000c6600000, 0x00000000c6600000| Complete 
|  83|0x00000000c6700000, 0x00000000c6800000, 0x00000000c6800000|100%| E|CS|TAMS 0x00000000c6700000, 0x00000000c6700000| Complete 
|  84|0x00000000c6800000, 0x00000000c6900000, 0x00000000c6900000|100%| E|CS|TAMS 0x00000000c6800000, 0x00000000c6800000| Complete 
|  85|0x00000000c6900000, 0x00000000c6a00000, 0x00000000c6a00000|100%| E|CS|TAMS 0x00000000c6900000, 0x00000000c6900000| Complete 
|  86|0x00000000c6a00000, 0x00000000c6b00000, 0x00000000c6b00000|100%| E|CS|TAMS 0x00000000c6a00000, 0x00000000c6a00000| Complete 
|  87|0x00000000c6b00000, 0x00000000c6c00000, 0x00000000c6c00000|100%| E|CS|TAMS 0x00000000c6b00000, 0x00000000c6b00000| Complete 
|  88|0x00000000c6c00000, 0x00000000c6d00000, 0x00000000c6d00000|100%| E|CS|TAMS 0x00000000c6c00000, 0x00000000c6c00000| Complete 
|  89|0x00000000c6d00000, 0x00000000c6e00000, 0x00000000c6e00000|100%| E|CS|TAMS 0x00000000c6d00000, 0x00000000c6d00000| Complete 
|  90|0x00000000c6e00000, 0x00000000c6f00000, 0x00000000c6f00000|100%| E|CS|TAMS 0x00000000c6e00000, 0x00000000c6e00000| Complete 
|  91|0x00000000c6f00000, 0x00000000c7000000, 0x00000000c7000000|100%| E|CS|TAMS 0x00000000c6f00000, 0x00000000c6f00000| Complete 
|  92|0x00000000c7000000, 0x00000000c7100000, 0x00000000c7100000|100%| E|CS|TAMS 0x00000000c7000000, 0x00000000c7000000| Complete 
|  93|0x00000000c7100000, 0x00000000c7200000, 0x00000000c7200000|100%| E|CS|TAMS 0x00000000c7100000, 0x00000000c7100000| Complete 
|  94|0x00000000c7200000, 0x00000000c7300000, 0x00000000c7300000|100%| E|CS|TAMS 0x00000000c7200000, 0x00000000c7200000| Complete 
|  95|0x00000000c7300000, 0x00000000c7400000, 0x00000000c7400000|100%| E|CS|TAMS 0x00000000c7300000, 0x00000000c7300000| Complete 
|  96|0x00000000c7400000, 0x00000000c7500000, 0x00000000c7500000|100%| E|CS|TAMS 0x00000000c7400000, 0x00000000c7400000| Complete 
|  97|0x00000000c7500000, 0x00000000c7600000, 0x00000000c7600000|100%| E|CS|TAMS 0x00000000c7500000, 0x00000000c7500000| Complete 
|  98|0x00000000c7600000, 0x00000000c7700000, 0x00000000c7700000|100%| E|CS|TAMS 0x00000000c7600000, 0x00000000c7600000| Complete 
|  99|0x00000000c7700000, 0x00000000c7800000, 0x00000000c7800000|100%| E|CS|TAMS 0x00000000c7700000, 0x00000000c7700000| Complete 
| 100|0x00000000c7800000, 0x00000000c7900000, 0x00000000c7900000|100%| E|CS|TAMS 0x00000000c7800000, 0x00000000c7800000| Complete 
| 101|0x00000000c7900000, 0x00000000c7a00000, 0x00000000c7a00000|100%| E|CS|TAMS 0x00000000c7900000, 0x00000000c7900000| Complete 
| 102|0x00000000c7a00000, 0x00000000c7b00000, 0x00000000c7b00000|100%| E|CS|TAMS 0x00000000c7a00000, 0x00000000c7a00000| Complete 
| 103|0x00000000c7b00000, 0x00000000c7c00000, 0x00000000c7c00000|100%| E|CS|TAMS 0x00000000c7b00000, 0x00000000c7b00000| Complete 
| 104|0x00000000c7c00000, 0x00000000c7d00000, 0x00000000c7d00000|100%| E|CS|TAMS 0x00000000c7c00000, 0x00000000c7c00000| Complete 
| 105|0x00000000c7d00000, 0x00000000c7e00000, 0x00000000c7e00000|100%| E|CS|TAMS 0x00000000c7d00000, 0x00000000c7d00000| Complete 
| 106|0x00000000c7e00000, 0x00000000c7f00000, 0x00000000c7f00000|100%| E|CS|TAMS 0x00000000c7e00000, 0x00000000c7e00000| Complete 

Card table byte_map: [0x000001b8df0f0000,0x000001b8df2f0000] _byte_map_base: 0x000001b8deae6000

Marking Bits (Prev, Next): (CMBitMap*) 0x000001b8c7fcf6e0, (CMBitMap*) 0x000001b8c7fcf720
 Prev Bits: [0x000001b8df4f0000, 0x000001b8e04a0000)
 Next Bits: [0x000001b8e04a0000, 0x000001b8e1450000)

Polling page: 0x000001b8c5e50000

Metaspace:

Usage:
  Non-class:     25.11 MB used.
      Class:      3.02 MB used.
       Both:     28.13 MB used.

Virtual space:
  Non-class space:       64.00 MB reserved,      25.38 MB ( 40%) committed,  1 nodes.
      Class space:        1.00 GB reserved,       3.25 MB ( <1%) committed,  1 nodes.
             Both:        1.06 GB reserved,      28.62 MB (  3%) committed. 

Chunk freelists:
   Non-Class:  2.55 MB
       Class:  783.00 KB
        Both:  3.32 MB

MaxMetaspaceSize: unlimited
CompressedClassSpaceSize: 1.00 GB
Initial GC threshold: 21.00 MB
Current GC threshold: 42.94 MB
CDS: on
MetaspaceReclaimPolicy: balanced
 - commit_granule_bytes: 65536.
 - commit_granule_words: 8192.
 - virtual_space_node_default_size: 8388608.
 - enlarge_chunks_in_place: 1.
 - new_chunks_are_fully_committed: 0.
 - uncommit_free_chunks: 1.
 - use_allocation_guard: 0.


Internal statistics:

num_allocs_failed_limit: 3.
num_arena_births: 442.
num_arena_deaths: 0.
num_vsnodes_births: 2.
num_vsnodes_deaths: 0.
num_space_committed: 458.
num_space_uncommitted: 0.
num_chunks_returned_to_freelist: 3.
num_chunks_taken_from_freelist: 1429.
num_chunk_merges: 3.
num_chunk_splits: 1025.
num_chunks_enlarged: 795.
num_inconsistent_stats: 0.

CodeHeap 'non-profiled nmethods': size=120000Kb used=3424Kb max_used=3424Kb free=116575Kb
 bounds [0x000001b8d79c0000, 0x000001b8d7d20000, 0x000001b8deef0000]
CodeHeap 'profiled nmethods': size=120000Kb used=15542Kb max_used=15542Kb free=104458Kb
 bounds [0x000001b8cfef0000, 0x000001b8d0e30000, 0x000001b8d7420000]
CodeHeap 'non-nmethods': size=5760Kb used=1307Kb max_used=1377Kb free=4452Kb
 bounds [0x000001b8d7420000, 0x000001b8d7690000, 0x000001b8d79c0000]
 total_blobs=7301 nmethods=6771 adapters=440
 compilation: enabled
              stopped_count=0, restarted_count=0
 full_count=0

Compilation events (20 events):
Event: 120.730 Thread 0x000001b8e38c77e0 nmethod 7720 0x000001b8d0e1a990 code [0x000001b8d0e1ab80, 0x000001b8d0e1b0e8]
Event: 120.743 Thread 0x000001b8e38c77e0 7721       3       java.util.zip.InflaterInputStream::read (32 bytes)
Event: 120.745 Thread 0x000001b8e38c77e0 nmethod 7721 0x000001b8d0e1b290 code [0x000001b8d0e1b480, 0x000001b8d0e1b8d8]
Event: 120.746 Thread 0x000001b8e38c77e0 7722       3       java.util.ImmutableCollections$SetN::hashCode (46 bytes)
Event: 120.746 Thread 0x000001b8e38c77e0 nmethod 7722 0x000001b8d0e1ba90 code [0x000001b8d0e1bc40, 0x000001b8d0e1bf28]
Event: 120.769 Thread 0x000001b8e38c77e0 7723       3       jdk.internal.module.ModuleInfo$CountingDataInput::readUnsignedShort (24 bytes)
Event: 120.769 Thread 0x000001b8e38c77e0 nmethod 7723 0x000001b8d0e1c090 code [0x000001b8d0e1c240, 0x000001b8d0e1c428]
Event: 120.771 Thread 0x000001b8e38c36d0 7724       4       sun.nio.fs.WindowsPathParser::normalize (233 bytes)
Event: 120.794 Thread 0x000001b8e38c77e0 7726       3       java.util.Hashtable::<init> (114 bytes)
Event: 120.797 Thread 0x000001b8e38c77e0 nmethod 7726 0x000001b8d0e1c510 code [0x000001b8d0e1c840, 0x000001b8d0e1d818]
Event: 120.811 Thread 0x000001b8e38c77e0 7727       3       jdk.internal.module.ModuleInfo$ConstantPool::checkIndex (21 bytes)
Event: 120.813 Thread 0x000001b8e38c77e0 nmethod 7727 0x000001b8d0e1de10 code [0x000001b8d0e1dfc0, 0x000001b8d0e1e188]
Event: 120.813 Thread 0x000001b8e38c77e0 7728       3       java.util.Set::copyOf (27 bytes)
Event: 120.815 Thread 0x000001b8e38c77e0 nmethod 7728 0x000001b8d0e1e290 code [0x000001b8d0e1e540, 0x000001b8d0e1f2d8]
Event: 120.819 Thread 0x000001b8e38c77e0 7729       3       java.io.RandomAccessFile::<init> (8 bytes)
Event: 120.820 Thread 0x000001b8e38c77e0 nmethod 7729 0x000001b8d0948b10 code [0x000001b8d0948cc0, 0x000001b8d0948e08]
Event: 120.820 Thread 0x000001b8e38c77e0 7730       3       java.io.RandomAccessFile::<init> (262 bytes)
Event: 120.824 Thread 0x000001b8e38c77e0 nmethod 7730 0x000001b8d0e1f690 code [0x000001b8d0e1fa00, 0x000001b8d0e20cf8]
Event: 120.824 Thread 0x000001b8e38c77e0 7731   !   3       java.io.RandomAccessFile::open (27 bytes)
Event: 120.825 Thread 0x000001b8e38c77e0 nmethod 7731 0x000001b8d0e21410 code [0x000001b8d0e215e0, 0x000001b8d0e217f8]

GC Heap History (20 events):
Event: 27.168 GC heap before
{Heap before GC invocations=5 (full 0):
 garbage-first heap   total 65536K, used 14871K [0x00000000c1400000, 0x0000000100000000)
  region size 1024K, 10 young (10240K), 4 survivors (4096K)
 Metaspace       used 21161K, committed 21504K, reserved 1114112K
  class space    used 2350K, committed 2560K, reserved 1048576K
}
Event: 27.186 GC heap after
{Heap after GC invocations=6 (full 0):
 garbage-first heap   total 65536K, used 11408K [0x00000000c1400000, 0x0000000100000000)
  region size 1024K, 3 young (3072K), 3 survivors (3072K)
 Metaspace       used 21161K, committed 21504K, reserved 1114112K
  class space    used 2350K, committed 2560K, reserved 1048576K
}
Event: 31.362 GC heap before
{Heap before GC invocations=7 (full 0):
 garbage-first heap   total 45056K, used 34960K [0x00000000c1400000, 0x0000000100000000)
  region size 1024K, 26 young (26624K), 3 survivors (3072K)
 Metaspace       used 23961K, committed 24384K, reserved 1114112K
  class space    used 2613K, committed 2816K, reserved 1048576K
}
Event: 31.392 GC heap after
{Heap after GC invocations=8 (full 0):
 garbage-first heap   total 45056K, used 17521K [0x00000000c1400000, 0x0000000100000000)
  region size 1024K, 4 young (4096K), 4 survivors (4096K)
 Metaspace       used 23961K, committed 24384K, reserved 1114112K
  class space    used 2613K, committed 2816K, reserved 1048576K
}
Event: 31.401 GC heap before
{Heap before GC invocations=8 (full 0):
 garbage-first heap   total 45056K, used 18545K [0x00000000c1400000, 0x0000000100000000)
  region size 1024K, 5 young (5120K), 4 survivors (4096K)
 Metaspace       used 23964K, committed 24384K, reserved 1114112K
  class space    used 2613K, committed 2816K, reserved 1048576K
}
Event: 31.413 GC heap after
{Heap after GC invocations=9 (full 0):
 garbage-first heap   total 45056K, used 18443K [0x00000000c1400000, 0x0000000100000000)
  region size 1024K, 1 young (1024K), 1 survivors (1024K)
 Metaspace       used 23964K, committed 24384K, reserved 1114112K
  class space    used 2613K, committed 2816K, reserved 1048576K
}
Event: 34.289 GC heap before
{Heap before GC invocations=9 (full 0):
 garbage-first heap   total 45056K, used 29707K [0x00000000c1400000, 0x0000000100000000)
  region size 1024K, 13 young (13312K), 1 survivors (1024K)
 Metaspace       used 24216K, committed 24576K, reserved 1114112K
  class space    used 2618K, committed 2816K, reserved 1048576K
}
Event: 34.314 GC heap after
{Heap after GC invocations=10 (full 0):
 garbage-first heap   total 45056K, used 20856K [0x00000000c1400000, 0x0000000100000000)
  region size 1024K, 2 young (2048K), 2 survivors (2048K)
 Metaspace       used 24216K, committed 24576K, reserved 1114112K
  class space    used 2618K, committed 2816K, reserved 1048576K
}
Event: 35.668 GC heap before
{Heap before GC invocations=10 (full 0):
 garbage-first heap   total 45056K, used 33144K [0x00000000c1400000, 0x0000000100000000)
  region size 1024K, 13 young (13312K), 2 survivors (2048K)
 Metaspace       used 24305K, committed 24704K, reserved 1114112K
  class space    used 2618K, committed 2816K, reserved 1048576K
}
Event: 35.686 GC heap after
{Heap after GC invocations=11 (full 0):
 garbage-first heap   total 45056K, used 23698K [0x00000000c1400000, 0x0000000100000000)
  region size 1024K, 2 young (2048K), 2 survivors (2048K)
 Metaspace       used 24305K, committed 24704K, reserved 1114112K
  class space    used 2618K, committed 2816K, reserved 1048576K
}
Event: 36.798 GC heap before
{Heap before GC invocations=11 (full 0):
 garbage-first heap   total 45056K, used 32914K [0x00000000c1400000, 0x0000000100000000)
  region size 1024K, 11 young (11264K), 2 survivors (2048K)
 Metaspace       used 25923K, committed 26368K, reserved 1114112K
  class space    used 2787K, committed 3008K, reserved 1048576K
}
Event: 36.813 GC heap after
{Heap after GC invocations=12 (full 0):
 garbage-first heap   total 45056K, used 24910K [0x00000000c1400000, 0x0000000100000000)
  region size 1024K, 2 young (2048K), 2 survivors (2048K)
 Metaspace       used 25923K, committed 26368K, reserved 1114112K
  class space    used 2787K, committed 3008K, reserved 1048576K
}
Event: 37.495 GC heap before
{Heap before GC invocations=13 (full 0):
 garbage-first heap   total 46080K, used 33102K [0x00000000c1400000, 0x0000000100000000)
  region size 1024K, 10 young (10240K), 2 survivors (2048K)
 Metaspace       used 26315K, committed 26688K, reserved 1114112K
  class space    used 2823K, committed 3008K, reserved 1048576K
}
Event: 37.511 GC heap after
{Heap after GC invocations=14 (full 0):
 garbage-first heap   total 46080K, used 26112K [0x00000000c1400000, 0x0000000100000000)
  region size 1024K, 2 young (2048K), 2 survivors (2048K)
 Metaspace       used 26315K, committed 26688K, reserved 1114112K
  class space    used 2823K, committed 3008K, reserved 1048576K
}
Event: 37.676 GC heap before
{Heap before GC invocations=14 (full 0):
 garbage-first heap   total 46080K, used 27136K [0x00000000c1400000, 0x0000000100000000)
  region size 1024K, 3 young (3072K), 2 survivors (2048K)
 Metaspace       used 26535K, committed 26944K, reserved 1114112K
  class space    used 2846K, committed 3072K, reserved 1048576K
}
Event: 37.695 GC heap after
{Heap after GC invocations=15 (full 0):
 garbage-first heap   total 46080K, used 26067K [0x00000000c1400000, 0x0000000100000000)
  region size 1024K, 1 young (1024K), 1 survivors (1024K)
 Metaspace       used 26535K, committed 26944K, reserved 1114112K
  class space    used 2846K, committed 3072K, reserved 1048576K
}
Event: 37.755 GC heap before
{Heap before GC invocations=15 (full 0):
 garbage-first heap   total 46080K, used 26067K [0x00000000c1400000, 0x0000000100000000)
  region size 1024K, 2 young (2048K), 1 survivors (1024K)
 Metaspace       used 26545K, committed 26944K, reserved 1114112K
  class space    used 2846K, committed 3072K, reserved 1048576K
}
Event: 37.762 GC heap after
{Heap after GC invocations=16 (full 0):
 garbage-first heap   total 109568K, used 25938K [0x00000000c1400000, 0x0000000100000000)
  region size 1024K, 1 young (1024K), 1 survivors (1024K)
 Metaspace       used 26545K, committed 26944K, reserved 1114112K
  class space    used 2846K, committed 3072K, reserved 1048576K
}
Event: 75.981 GC heap before
{Heap before GC invocations=16 (full 0):
 garbage-first heap   total 109568K, used 75090K [0x00000000c1400000, 0x0000000100000000)
  region size 1024K, 48 young (49152K), 1 survivors (1024K)
 Metaspace       used 27410K, committed 27840K, reserved 1114112K
  class space    used 2884K, committed 3072K, reserved 1048576K
}
Event: 76.059 GC heap after
{Heap after GC invocations=17 (full 0):
 garbage-first heap   total 109568K, used 29967K [0x00000000c1400000, 0x0000000100000000)
  region size 1024K, 4 young (4096K), 4 survivors (4096K)
 Metaspace       used 27410K, committed 27840K, reserved 1114112K
  class space    used 2884K, committed 3072K, reserved 1048576K
}

Dll operation events (13 events):
Event: 0.040 Loaded shared library C:\Users\User\.jdks\openjdk-19\bin\java.dll
Event: 0.074 Loaded shared library C:\Users\User\.jdks\openjdk-19\bin\jsvml.dll
Event: 0.594 Loaded shared library C:\Users\User\.jdks\openjdk-19\bin\zip.dll
Event: 0.629 Loaded shared library C:\Users\User\.jdks\openjdk-19\bin\instrument.dll
Event: 0.675 Loaded shared library C:\Users\User\.jdks\openjdk-19\bin\net.dll
Event: 0.688 Loaded shared library C:\Users\User\.jdks\openjdk-19\bin\nio.dll
Event: 0.705 Loaded shared library C:\Users\User\.jdks\openjdk-19\bin\zip.dll
Event: 0.834 Loaded shared library C:\Program Files\JetBrains\IntelliJ IDEA Community Edition 2022.2.3\bin\breakgen64.dll
Event: 0.884 Loaded shared library C:\Users\User\.jdks\openjdk-19\bin\extnet.dll
Event: 1.124 Loaded shared library C:\Users\User\.jdks\openjdk-19\bin\verify.dll
Event: 1.211 Loaded shared library C:\Users\User\.jdks\openjdk-19\bin\jimage.dll
Event: 7.084 Loaded shared library C:\Users\User\AppData\Local\Temp\jansi-1.17.1-11604709709866658865.dll
Event: 7.268 Loaded shared library C:\Users\User\AppData\Local\Temp\jansi-1.17.1-2445590619032254910.dll

Deoptimization events (20 events):
Event: 118.884 Thread 0x000001b8c7f8fd00 DEOPT PACKING pc=0x000001b8d7c306d8 sp=0x000000afb3efd180
Event: 118.884 Thread 0x000001b8c7f8fd00 DEOPT UNPACKING pc=0x000001b8d7486da3 sp=0x000000afb3efd110 mode 2
Event: 120.439 Thread 0x000001b8c7f8fd00 Uncommon trap: trap_request=0xffffff3d fr.pc=0x000001b8d7c17bac relative=0x0000000000000a0c
Event: 120.439 Thread 0x000001b8c7f8fd00 Uncommon trap: reason=unstable_fused_if action=reinterpret pc=0x000001b8d7c17bac method=java.util.regex.Pattern.atom()Ljava/util/regex/Pattern$Node; @ 14 c2
Event: 120.439 Thread 0x000001b8c7f8fd00 DEOPT PACKING pc=0x000001b8d7c17bac sp=0x000000afb3efc6b0
Event: 120.439 Thread 0x000001b8c7f8fd00 DEOPT UNPACKING pc=0x000001b8d7486da3 sp=0x000000afb3efc638 mode 2
Event: 120.675 Thread 0x000001b8c7f8fd00 Uncommon trap: trap_request=0xffffffc6 fr.pc=0x000001b8d7ba1e20 relative=0x00000000000003e0
Event: 120.675 Thread 0x000001b8c7f8fd00 Uncommon trap: reason=bimorphic_or_optimized_type_check action=maybe_recompile pc=0x000001b8d7ba1e20 method=java.util.stream.AbstractPipeline.wrapSink(Ljava/util/stream/Sink;)Ljava/util/stream/Sink; @ 23 c2
Event: 120.675 Thread 0x000001b8c7f8fd00 DEOPT PACKING pc=0x000001b8d7ba1e20 sp=0x000000afb3efe520
Event: 120.675 Thread 0x000001b8c7f8fd00 DEOPT UNPACKING pc=0x000001b8d7486da3 sp=0x000000afb3efe4d8 mode 2
Event: 120.678 Thread 0x000001b8c7f8fd00 Uncommon trap: trap_request=0xffffffbe fr.pc=0x000001b8d7d152a8 relative=0x0000000000001388
Event: 120.678 Thread 0x000001b8c7f8fd00 Uncommon trap: reason=profile_predicate action=maybe_recompile pc=0x000001b8d7d152a8 method=java.util.TimSort.binarySort([Ljava/lang/Object;IIILjava/util/Comparator;)V @ 73 c2
Event: 120.678 Thread 0x000001b8c7f8fd00 DEOPT PACKING pc=0x000001b8d7d152a8 sp=0x000000afb3efe280
Event: 120.679 Thread 0x000001b8c7f8fd00 DEOPT UNPACKING pc=0x000001b8d7486da3 sp=0x000000afb3efe260 mode 2
Event: 120.683 Thread 0x000001b8c7f8fd00 Uncommon trap: trap_request=0xffffffc6 fr.pc=0x000001b8d7ba1e20 relative=0x00000000000003e0
Event: 120.683 Thread 0x000001b8c7f8fd00 Uncommon trap: reason=bimorphic_or_optimized_type_check action=maybe_recompile pc=0x000001b8d7ba1e20 method=java.util.stream.AbstractPipeline.wrapSink(Ljava/util/stream/Sink;)Ljava/util/stream/Sink; @ 23 c2
Event: 120.683 Thread 0x000001b8c7f8fd00 DEOPT PACKING pc=0x000001b8d7ba1e20 sp=0x000000afb3efe530
Event: 120.683 Thread 0x000001b8c7f8fd00 DEOPT UNPACKING pc=0x000001b8d7486da3 sp=0x000000afb3efe4e8 mode 2
Event: 120.774 Thread 0x000001b8c7f8fd00 DEOPT PACKING pc=0x000001b8d01ad78e sp=0x000000afb3efe1b0
Event: 120.774 Thread 0x000001b8c7f8fd00 DEOPT UNPACKING pc=0x000001b8d7487543 sp=0x000000afb3efd730 mode 0

Classes loaded (20 events):
Event: 120.677 Loading class java/util/stream/SortedOps$AbstractRefSortingSink done
Event: 120.677 Loading class java/util/stream/SortedOps$SizedRefSortingSink done
Event: 120.679 Loading class java/util/stream/DistinctOps
Event: 120.681 Loading class java/util/stream/DistinctOps done
Event: 120.681 Loading class java/util/stream/DistinctOps$1
Event: 120.682 Loading class java/util/stream/DistinctOps$1 done
Event: 120.683 Loading class java/util/stream/DistinctOps$1$2
Event: 120.684 Loading class java/util/stream/DistinctOps$1$2 done
Event: 120.735 Loading class jdk/internal/module/ModuleInfo
Event: 120.738 Loading class jdk/internal/module/ModuleInfo done
Event: 120.738 Loading class jdk/internal/module/ModuleInfo$CountingDataInput
Event: 120.739 Loading class jdk/internal/module/ModuleInfo$CountingDataInput done
Event: 120.740 Loading class jdk/internal/module/ModuleInfo$ConstantPool
Event: 120.740 Loading class jdk/internal/module/ModuleInfo$ConstantPool done
Event: 120.741 Loading class jdk/internal/module/ModuleInfo$ConstantPool$Entry
Event: 120.741 Loading class jdk/internal/module/ModuleInfo$ConstantPool$Entry done
Event: 120.741 Loading class jdk/internal/module/ModuleInfo$ConstantPool$IndexEntry
Event: 120.742 Loading class jdk/internal/module/ModuleInfo$ConstantPool$IndexEntry done
Event: 120.742 Loading class jdk/internal/module/ModuleInfo$ConstantPool$ValueEntry
Event: 120.743 Loading class jdk/internal/module/ModuleInfo$ConstantPool$ValueEntry done

Classes unloaded (0 events):
No events

Classes redefined (0 events):
No events

Internal exceptions (20 events):
Event: 43.212 Thread 0x000001b8c7f8fd00 Exception <a 'sun/nio/fs/WindowsException'{0x00000000c6810670}> (0x00000000c6810670) 
thrown [s\open\src\hotspot\share\prims\jni.cpp, line 517]
Event: 43.219 Thread 0x000001b8c7f8fd00 Exception <a 'sun/nio/fs/WindowsException'{0x00000000c68687d8}> (0x00000000c68687d8) 
thrown [s\open\src\hotspot\share\prims\jni.cpp, line 517]
Event: 43.220 Thread 0x000001b8c7f8fd00 Exception <a 'sun/nio/fs/WindowsException'{0x00000000c6868ac0}> (0x00000000c6868ac0) 
thrown [s\open\src\hotspot\share\prims\jni.cpp, line 517]
Event: 44.326 Thread 0x000001b8c7f8fd00 Exception <a 'sun/nio/fs/WindowsException'{0x00000000c664f8e8}> (0x00000000c664f8e8) 
thrown [s\open\src\hotspot\share\prims\jni.cpp, line 517]
Event: 44.608 Thread 0x000001b8c7f8fd00 Exception <a 'sun/nio/fs/WindowsException'{0x00000000c6671630}> (0x00000000c6671630) 
thrown [s\open\src\hotspot\share\prims\jni.cpp, line 517]
Event: 44.763 Thread 0x000001b8c7f8fd00 Exception <a 'sun/nio/fs/WindowsException'{0x00000000c66cf4d0}> (0x00000000c66cf4d0) 
thrown [s\open\src\hotspot\share\prims\jni.cpp, line 517]
Event: 120.624 Thread 0x000001b8c7f8fd00 Exception <a 'sun/nio/fs/WindowsException'{0x00000000c68ae030}> (0x00000000c68ae030) 
thrown [s\open\src\hotspot\share\prims\jni.cpp, line 517]
Event: 120.626 Thread 0x000001b8c7f8fd00 Exception <a 'sun/nio/fs/WindowsException'{0x00000000c68ae2b0}> (0x00000000c68ae2b0) 
thrown [s\open\src\hotspot\share\prims\jni.cpp, line 517]
Event: 120.626 Thread 0x000001b8c7f8fd00 Exception <a 'sun/nio/fs/WindowsException'{0x00000000c68aeae0}> (0x00000000c68aeae0) 
thrown [s\open\src\hotspot\share\prims\jni.cpp, line 517]
Event: 120.627 Thread 0x000001b8c7f8fd00 Exception <a 'sun/nio/fs/WindowsException'{0x00000000c68aed10}> (0x00000000c68aed10) 
thrown [s\open\src\hotspot\share\prims\jni.cpp, line 517]
Event: 120.690 Thread 0x000001b8c7f8fd00 Exception <a 'sun/nio/fs/WindowsException'{0x00000000c68d4e78}> (0x00000000c68d4e78) 
thrown [s\open\src\hotspot\share\prims\jni.cpp, line 517]
Event: 120.691 Thread 0x000001b8c7f8fd00 Exception <a 'sun/nio/fs/WindowsException'{0x00000000c68d5148}> (0x00000000c68d5148) 
thrown [s\open\src\hotspot\share\prims\jni.cpp, line 517]
Event: 120.697 Thread 0x000001b8c7f8fd00 Exception <a 'sun/nio/fs/WindowsException'{0x00000000c68da698}> (0x00000000c68da698) 
thrown [s\open\src\hotspot\share\prims\jni.cpp, line 517]
Event: 120.698 Thread 0x000001b8c7f8fd00 Exception <a 'sun/nio/fs/WindowsException'{0x00000000c68da968}> (0x00000000c68da968) 
thrown [s\open\src\hotspot\share\prims\jni.cpp, line 517]
Event: 120.703 Thread 0x000001b8c7f8fd00 Exception <a 'sun/nio/fs/WindowsException'{0x00000000c68dc020}> (0x00000000c68dc020) 
thrown [s\open\src\hotspot\share\prims\jni.cpp, line 517]
Event: 120.704 Thread 0x000001b8c7f8fd00 Exception <a 'sun/nio/fs/WindowsException'{0x00000000c68dcc90}> (0x00000000c68dcc90) 
thrown [s\open\src\hotspot\share\prims\jni.cpp, line 517]
Event: 120.707 Thread 0x000001b8c7f8fd00 Exception <a 'sun/nio/fs/WindowsException'{0x00000000c68dd920}> (0x00000000c68dd920) 
thrown [s\open\src\hotspot\share\prims\jni.cpp, line 517]
Event: 120.708 Thread 0x000001b8c7f8fd00 Exception <a 'sun/nio/fs/WindowsException'{0x00000000c68de5a8}> (0x00000000c68de5a8) 
thrown [s\open\src\hotspot\share\prims\jni.cpp, line 517]
Event: 120.709 Thread 0x000001b8c7f8fd00 Exception <a 'sun/nio/fs/WindowsException'{0x00000000c68df230}> (0x00000000c68df230) 
thrown [s\open\src\hotspot\share\prims\jni.cpp, line 517]
Event: 120.711 Thread 0x000001b8c7f8fd00 Exception <a 'sun/nio/fs/WindowsException'{0x00000000c68e0298}> (0x00000000c68e0298) 
thrown [s\open\src\hotspot\share\prims\jni.cpp, line 517]

VM Operations (20 events):
Event: 86.900 Executing VM operation: Cleanup
Event: 87.088 Executing VM operation: Cleanup done
Event: 88.092 Executing VM operation: Cleanup
Event: 88.313 Executing VM operation: Cleanup done
Event: 94.360 Executing VM operation: Cleanup
Event: 94.439 Executing VM operation: Cleanup done
Event: 117.597 Executing VM operation: Cleanup
Event: 117.614 Executing VM operation: Cleanup done
Event: 118.615 Executing VM operation: Cleanup
Event: 118.631 Executing VM operation: Cleanup done
Event: 119.646 Executing VM operation: Cleanup
Event: 119.661 Executing VM operation: Cleanup done
Event: 120.131 Executing VM operation: HandshakeAllThreads
Event: 120.132 Executing VM operation: HandshakeAllThreads done
Event: 120.223 Executing VM operation: HandshakeAllThreads
Event: 120.223 Executing VM operation: HandshakeAllThreads done
Event: 120.672 Executing VM operation: HandshakeAllThreads
Event: 120.672 Executing VM operation: HandshakeAllThreads done
Event: 120.672 Executing VM operation: Cleanup
Event: 120.673 Executing VM operation: Cleanup done

Events (20 events):
Event: 37.626 Thread 0x000001b8e39388d0 flushing nmethod 0x000001b8d0a8eb10
Event: 37.626 Thread 0x000001b8e39388d0 flushing nmethod 0x000001b8d0a92110
Event: 37.626 Thread 0x000001b8e39388d0 flushing nmethod 0x000001b8d0a92d10
Event: 37.626 Thread 0x000001b8e39388d0 flushing nmethod 0x000001b8d0aa0510
Event: 37.626 Thread 0x000001b8e39388d0 flushing nmethod 0x000001b8d0aa5310
Event: 37.626 Thread 0x000001b8e39388d0 flushing nmethod 0x000001b8d0aa5b90
Event: 37.626 Thread 0x000001b8e39388d0 flushing nmethod 0x000001b8d0aabb90
Event: 37.626 Thread 0x000001b8e39388d0 flushing nmethod 0x000001b8d0aaed90
Event: 37.626 Thread 0x000001b8e39388d0 flushing nmethod 0x000001b8d0ab0810
Event: 37.626 Thread 0x000001b8e39388d0 flushing nmethod 0x000001b8d0ab3310
Event: 37.626 Thread 0x000001b8e39388d0 flushing nmethod 0x000001b8d0ab4390
Event: 37.626 Thread 0x000001b8e39388d0 flushing nmethod 0x000001b8d0ab5110
Event: 37.626 Thread 0x000001b8e39388d0 flushing nmethod 0x000001b8d0ab9190
Event: 37.626 Thread 0x000001b8e39388d0 flushing nmethod 0x000001b8d0ac0710
Event: 37.626 Thread 0x000001b8e39388d0 flushing nmethod 0x000001b8d0ac0d10
Event: 37.626 Thread 0x000001b8e39388d0 flushing nmethod 0x000001b8d0ac3590
Event: 37.626 Thread 0x000001b8e39388d0 flushing nmethod 0x000001b8d0b00010
Event: 37.627 Thread 0x000001b8e39388d0 flushing nmethod 0x000001b8d0b54310
Event: 37.627 Thread 0x000001b8e39388d0 flushing nmethod 0x000001b8d0ba4110
Event: 37.628 Thread 0x000001b8e39388d0 flushing nmethod 0x000001b8d0be2410


Dynamic libraries:
0x00007ff754440000 - 0x00007ff75444e000 	C:\Users\User\.jdks\openjdk-19\bin\java.exe
0x00007ffbd0090000 - 0x00007ffbd0288000 	C:\WINDOWS\SYSTEM32\ntdll.dll
0x00007ffbcfeb0000 - 0x00007ffbcff6f000 	C:\WINDOWS\System32\KERNEL32.DLL
0x00007ffbcde00000 - 0x00007ffbce0d2000 	C:\WINDOWS\System32\KERNELBASE.dll
0x00007ffbcdc60000 - 0x00007ffbcdd60000 	C:\WINDOWS\System32\ucrtbase.dll
0x00007ffb9d4b0000 - 0x00007ffb9d4cb000 	C:\Users\User\.jdks\openjdk-19\bin\VCRUNTIME140.dll
0x00007ffba0f60000 - 0x00007ffba0f77000 	C:\Users\User\.jdks\openjdk-19\bin\jli.dll
0x00007ffbce6b0000 - 0x00007ffbce84d000 	C:\WINDOWS\System32\USER32.dll
0x00007ffbcdc30000 - 0x00007ffbcdc52000 	C:\WINDOWS\System32\win32u.dll
0x00007ffba4bb0000 - 0x00007ffba4e4a000 	C:\WINDOWS\WinSxS\amd64_microsoft.windows.common-controls_6595b64144ccf1df_6.0.19041.1110_none_60b5254171f9507e\COMCTL32.dll
0x00007ffbcf330000 - 0x00007ffbcf35b000 	C:\WINDOWS\System32\GDI32.dll
0x00007ffbcf410000 - 0x00007ffbcf4ae000 	C:\WINDOWS\System32\msvcrt.dll
0x00007ffbcdb20000 - 0x00007ffbcdc2f000 	C:\WINDOWS\System32\gdi32full.dll
0x00007ffbcdd60000 - 0x00007ffbcddfd000 	C:\WINDOWS\System32\msvcp_win.dll
0x00007ffbcf360000 - 0x00007ffbcf392000 	C:\WINDOWS\System32\IMM32.DLL
0x00007ffba2900000 - 0x00007ffba290c000 	C:\Users\User\.jdks\openjdk-19\bin\vcruntime140_1.dll
0x00007ffb91820000 - 0x00007ffb918ae000 	C:\Users\User\.jdks\openjdk-19\bin\msvcp140.dll
0x00007ffb7fea0000 - 0x00007ffb80b60000 	C:\Users\User\.jdks\openjdk-19\bin\server\jvm.dll
0x00007ffbcf280000 - 0x00007ffbcf32e000 	C:\WINDOWS\System32\ADVAPI32.dll
0x00007ffbcf1e0000 - 0x00007ffbcf27c000 	C:\WINDOWS\System32\sechost.dll
0x00007ffbcf4b0000 - 0x00007ffbcf5d5000 	C:\WINDOWS\System32\RPCRT4.dll
0x00007ffbbcb70000 - 0x00007ffbbcb79000 	C:\WINDOWS\SYSTEM32\WSOCK32.dll
0x00007ffbcf3a0000 - 0x00007ffbcf40b000 	C:\WINDOWS\System32\WS2_32.dll
0x00007ffbaef10000 - 0x00007ffbaef37000 	C:\WINDOWS\SYSTEM32\WINMM.dll
0x00007ffbb6860000 - 0x00007ffbb686a000 	C:\WINDOWS\SYSTEM32\VERSION.dll
0x00007ffbcbfa0000 - 0x00007ffbcbfb2000 	C:\WINDOWS\SYSTEM32\kernel.appcore.dll
0x00007ffba2890000 - 0x00007ffba289a000 	C:\Users\User\.jdks\openjdk-19\bin\jimage.dll
0x00007ffbcbc30000 - 0x00007ffbcbe14000 	C:\WINDOWS\SYSTEM32\DBGHELP.DLL
0x00007ffbad4f0000 - 0x00007ffbad51c000 	C:\WINDOWS\SYSTEM32\dbgcore.DLL
0x00007ffbcd8b0000 - 0x00007ffbcd932000 	C:\WINDOWS\System32\bcryptPrimitives.dll
0x00007ffba5150000 - 0x00007ffba515e000 	C:\Users\User\.jdks\openjdk-19\bin\instrument.dll
0x00007ffb9bc30000 - 0x00007ffb9bc56000 	C:\Users\User\.jdks\openjdk-19\bin\java.dll
0x00007ffb91740000 - 0x00007ffb91817000 	C:\Users\User\.jdks\openjdk-19\bin\jsvml.dll
0x00007ffbcf760000 - 0x00007ffbcfea3000 	C:\WINDOWS\System32\SHELL32.dll
0x00007ffbcb370000 - 0x00007ffbcbb02000 	C:\WINDOWS\SYSTEM32\windows.storage.dll
0x00007ffbce0f0000 - 0x00007ffbce444000 	C:\WINDOWS\System32\combase.dll
0x00007ffbcd030000 - 0x00007ffbcd060000 	C:\WINDOWS\SYSTEM32\Wldp.dll
0x00007ffbcef70000 - 0x00007ffbcf01d000 	C:\WINDOWS\System32\SHCORE.dll
0x00007ffbcfff0000 - 0x00007ffbd0045000 	C:\WINDOWS\System32\shlwapi.dll
0x00007ffbcd6d0000 - 0x00007ffbcd6ef000 	C:\WINDOWS\SYSTEM32\profapi.dll
0x00007ffb9b820000 - 0x00007ffb9b838000 	C:\Users\User\.jdks\openjdk-19\bin\zip.dll
0x00007ffb9b920000 - 0x00007ffb9b933000 	C:\Users\User\.jdks\openjdk-19\bin\net.dll
0x00007ffbc3cf0000 - 0x00007ffbc3dfc000 	C:\WINDOWS\SYSTEM32\WINHTTP.dll
0x00007ffbcce10000 - 0x00007ffbcce7a000 	C:\WINDOWS\system32\mswsock.dll
0x00007ffb9b840000 - 0x00007ffb9b856000 	C:\Users\User\.jdks\openjdk-19\bin\nio.dll
0x00007ffb9bf10000 - 0x00007ffb9bf2a000 	C:\Program Files\JetBrains\IntelliJ IDEA Community Edition 2022.2.3\bin\breakgen64.dll
0x00007ffba2c80000 - 0x00007ffba2c88000 	C:\Users\User\.jdks\openjdk-19\bin\extnet.dll
0x00007ffba0480000 - 0x00007ffba0490000 	C:\Users\User\.jdks\openjdk-19\bin\verify.dll
0x00007ffbcd070000 - 0x00007ffbcd088000 	C:\WINDOWS\SYSTEM32\CRYPTSP.dll
0x00007ffbcc750000 - 0x00007ffbcc784000 	C:\WINDOWS\system32\rsaenh.dll
0x00007ffbcd940000 - 0x00007ffbcd967000 	C:\WINDOWS\System32\bcrypt.dll
0x00007ffbcd690000 - 0x00007ffbcd6be000 	C:\WINDOWS\SYSTEM32\USERENV.dll
0x00007ffbccfa0000 - 0x00007ffbccfac000 	C:\WINDOWS\SYSTEM32\CRYPTBASE.dll
0x00007ffbccb20000 - 0x00007ffbccb5b000 	C:\WINDOWS\SYSTEM32\IPHLPAPI.DLL
0x00007ffbce9c0000 - 0x00007ffbce9c8000 	C:\WINDOWS\System32\NSI.dll
0x00007ffbba980000 - 0x00007ffbba997000 	C:\WINDOWS\SYSTEM32\dhcpcsvc6.DLL
0x00007ffbba8d0000 - 0x00007ffbba8ed000 	C:\WINDOWS\SYSTEM32\dhcpcsvc.DLL
0x00007ffbccb60000 - 0x00007ffbccc2a000 	C:\WINDOWS\SYSTEM32\DNSAPI.dll
0x00007ffb9c5c0000 - 0x00007ffb9c5ca000 	C:\Users\User\AppData\Local\Temp\jansi-1.17.1-11604709709866658865.dll
0x00007ffb9c490000 - 0x00007ffb9c49a000 	C:\Users\User\AppData\Local\Temp\jansi-1.17.1-2445590619032254910.dll

dbghelp: loaded successfully - version: 4.0.5 - missing functions: none
symbol engine: initialized successfully - sym options: 0x614 - pdb path: .;C:\Users\User\.jdks\openjdk-19\bin;C:\WINDOWS\SYSTEM32;C:\WINDOWS\WinSxS\amd64_microsoft.windows.common-controls_6595b64144ccf1df_6.0.19041.1110_none_60b5254171f9507e;C:\Users\User\.jdks\openjdk-19\bin\server;C:\Program Files\JetBrains\IntelliJ IDEA Community Edition 2022.2.3\bin;C:\Users\User\AppData\Local\Temp

VM Arguments:
jvm_args: -Dmaven.multiModuleProjectDirectory=C:\Users\User\Downloads\OOAD\LuvaTech -Dmaven.home=C:\Program Files\JetBrains\IntelliJ IDEA Community Edition 2022.2.3\plugins\maven\lib\maven3 -Dclassworlds.conf=C:\Program Files\JetBrains\IntelliJ IDEA Community Edition 2022.2.3\plugins\maven\lib\maven3\bin\m2.conf -Dmaven.ext.class.path=C:\Program Files\JetBrains\IntelliJ IDEA Community Edition 2022.2.3\plugins\maven\lib\maven-event-listener.jar -javaagent:C:\Program Files\JetBrains\IntelliJ IDEA Community Edition 2022.2.3\lib\idea_rt.jar=59299:C:\Program Files\JetBrains\IntelliJ IDEA Community Edition 2022.2.3\bin -Dfile.encoding=UTF-8 -Dsun.stdout.encoding=UTF-8 -Dsun.stderr.encoding=UTF-8 
java_command: org.codehaus.classworlds.Launcher -Didea.version=2022.2.3 javafx:run
java_class_path (initial): C:\Program Files\JetBrains\IntelliJ IDEA Community Edition 2022.2.3\plugins\maven\lib\maven3\boot\plexus-classworlds-2.6.0.jar;C:\Program Files\JetBrains\IntelliJ IDEA Community Edition 2022.2.3\plugins\maven\lib\maven3\boot\plexus-classworlds.license
Launcher Type: SUN_STANDARD

[Global flags]
     intx CICompilerCount                          = 3                                         {product} {ergonomic}
     uint ConcGCThreads                            = 1                                         {product} {ergonomic}
     uint G1ConcRefinementThreads                  = 4                                         {product} {ergonomic}
   size_t G1HeapRegionSize                         = 1048576                                   {product} {ergonomic}
    uintx GCDrainStackTargetSize                   = 64                                        {product} {ergonomic}
   size_t InitialHeapSize                          = 67108864                                  {product} {ergonomic}
   size_t MarkStackSize                            = 4194304                                   {product} {ergonomic}
   size_t MaxHeapSize                              = 1052770304                                {product} {ergonomic}
   size_t MaxNewSize                               = 631242752                                 {product} {ergonomic}
   size_t MinHeapDeltaBytes                        = 1048576                                   {product} {ergonomic}
   size_t MinHeapSize                              = 8388608                                   {product} {ergonomic}
    uintx NonNMethodCodeHeapSize                   = 5832780                                {pd product} {ergonomic}
    uintx NonProfiledCodeHeapSize                  = 122912730                              {pd product} {ergonomic}
    uintx ProfiledCodeHeapSize                     = 122912730                              {pd product} {ergonomic}
    uintx ReservedCodeCacheSize                    = 251658240                              {pd product} {ergonomic}
     bool SegmentedCodeCache                       = true                                      {product} {ergonomic}
   size_t SoftMaxHeapSize                          = 1052770304                             {manageable} {ergonomic}
     bool UseCompressedClassPointers               = true                           {product lp64_product} {ergonomic}
     bool UseCompressedOops                        = true                           {product lp64_product} {ergonomic}
     bool UseG1GC                                  = true                                      {product} {ergonomic}
     bool UseLargePagesIndividualAllocation        = false                                  {pd product} {ergonomic}

Logging:
Log output configuration:
 #0: stdout all=warning uptime,level,tags foldmultilines=false
 #1: stderr all=off uptime,level,tags foldmultilines=false

Environment Variables:
PATH=C:\WINDOWS\system32;C:\WINDOWS;C:\WINDOWS\System32\Wbem;C:\WINDOWS\System32\WindowsPowerShell\v1.0\;C:\WINDOWS\System32\OpenSSH\;C:\Program Files\Microsoft SQL Server\Client SDK\ODBC\170\Tools\Binn\;C:\Program Files (x86)\Microsoft SQL Server\150\Tools\Binn\;C:\Program Files\Microsoft SQL Server\150\Tools\Binn\;C:\Program Files\Microsoft SQL Server\150\DTS\Binn\;C:\Program Files (x86)\Microsoft SQL Server\150\DTS\Binn\;C:\Program Files\Azure Data Studio\bin;C:\Program Files\Git\cmd;C:\Program Files\nodejs\;C:\xampp\php;C:\ProgramData\ComposerSetup\bin;C:\Program Files\Docker\Docker\resources\bin;C:\Users\User\scoop\apps\gcc\current\bin;C:\Users\User\scoop\shims;C:\Users\User\AppData\Local\Microsoft\WindowsApps;C:\Users\User\AppData\Local\Programs\Microsoft VS Code\bin;C:\Program Files\Azure Data Studio\bin;C:\Program Files\JetBrains\IntelliJ IDEA 2022.2.3\bin;C:\Users\User\AppData\Roaming\npm;C:\xampp\php;C:\Users\User\AppData\Roaming\Composer\vendor\bin;C:\Program Files\JetBrains\IntelliJ IDEA 2022.2.3\bin;;C:\Program Files\JetBrains\IntelliJ IDEA Community Edition 2022.2.3\bin;
USERNAME=Gia Dai
OS=Windows_NT
PROCESSOR_IDENTIFIER=Intel64 Family 6 Model 142 Stepping 9, GenuineIntel
TMP=C:\Users\User\AppData\Local\Temp
TEMP=C:\Users\User\AppData\Local\Temp



---------------  S Y S T E M  ---------------

OS:
 Windows 10 , 64 bit Build 19041 (10.0.19041.2251)
OS uptime: 0 days 7:24 hours
Hyper-V role detected

CPU: total 4 (initial active 4) (2 cores per cpu, 2 threads per core) family 6 model 142 stepping 9 microcode 0xe8, cx8, cmov, fxsr, ht, mmx, 3dnowpref, sse, sse2, sse3, ssse3, sse4.1, sse4.2, popcnt, lzcnt, tsc, tscinvbit, avx, avx2, aes, erms, clmul, bmi1, bmi2, adx, fma, vzeroupper, clflush, clflushopt, hv, rdtscp

Memory: 4k page, system-wide physical 4013M (568M free)
TotalPageFile size 12205M (AvailPageFile size 0M)
current process WorkingSet (physical memory assigned to process): 74M, peak: 169M
current process commit charge ("private bytes"): 246M, peak: 259M

vm_info: OpenJDK 64-Bit Server VM (19+36-2238) for windows-amd64 JRE (19+36-2238), built on 2022-08-12T20:29:01Z by "mach5one" with MS VC++ 17.1 (VS2022)

END.
